<?xml version="1.0" encoding="UTF-8"?>
<!-- Generated by org.testng.reporters.JUnitReportReporter -->
<testsuite skipped="0" hostname="Balerion" name="com.rgk.testcases.LoginTest" tests="1" failures="0" timestamp="07 Jan 2019 01:47:09 GMT" time="15.497" errors="0">
  <testcase name="loginTest" time="15.497" classname="com.rgk.testcases.LoginTest"/>
</testsuite> <!-- com.rgk.testcases.LoginTest -->
